0 info it worked if it ends with ok
1 verbose cli [ 'node', '/usr/local/bin/npm', 'owner', 'ls', 'picbot-123' ]
2 info using npm@2.10.1
3 info using node@v0.12.4
4 silly mapToRegistry name picbot-123
5 silly mapToRegistry using default registry
6 silly mapToRegistry registry https://registry.npmjs.org/
7 silly mapToRegistry uri https://registry.npmjs.org/picbot-123
8 verbose request uri https://registry.npmjs.org/picbot-123
9 verbose request no auth needed
10 info attempt registry request try #1 at 12:45:01
11 verbose request id d66a5c8cd14582dc
12 http request GET https://registry.npmjs.org/picbot-123
13 http 404 https://registry.npmjs.org/picbot-123
14 verbose headers { 'content-type': 'application/json',
14 verbose headers   'cache-control': 'max-age=0',
14 verbose headers   'content-length': '2',
14 verbose headers   'accept-ranges': 'bytes',
14 verbose headers   date: 'Sat, 09 Sep 2017 04:45:08 GMT',
14 verbose headers   via: '1.1 varnish',
14 verbose headers   age: '0',
14 verbose headers   connection: 'keep-alive',
14 verbose headers   'x-served-by': 'cache-hkg17925-HKG',
14 verbose headers   'x-cache': 'MISS',
14 verbose headers   'x-cache-hits': '0',
14 verbose headers   'x-timer': 'S1504932307.388997,VS0,VE1191',
14 verbose headers   vary: 'Accept-Encoding' }
15 silly get cb [ 404,
15 silly get   { 'content-type': 'application/json',
15 silly get     'cache-control': 'max-age=0',
15 silly get     'content-length': '2',
15 silly get     'accept-ranges': 'bytes',
15 silly get     date: 'Sat, 09 Sep 2017 04:45:08 GMT',
15 silly get     via: '1.1 varnish',
15 silly get     age: '0',
15 silly get     connection: 'keep-alive',
15 silly get     'x-served-by': 'cache-hkg17925-HKG',
15 silly get     'x-cache': 'MISS',
15 silly get     'x-cache-hits': '0',
15 silly get     'x-timer': 'S1504932307.388997,VS0,VE1191',
15 silly get     vary: 'Accept-Encoding' } ]
16 error owner ls Couldn't get owner data picbot-123
17 verbose stack Error: Registry returned 404 for GET on https://registry.npmjs.org/picbot-123
17 verbose stack     at CachingRegistryClient.<anonymous> (/usr/local/lib/node_modules/npm/node_modules/npm-registry-client/lib/request.js:239:14)
17 verbose stack     at Request._callback (/usr/local/lib/node_modules/npm/node_modules/npm-registry-client/lib/request.js:170:14)
17 verbose stack     at Request.self.callback (/usr/local/lib/node_modules/npm/node_modules/request/request.js:368:22)
17 verbose stack     at Request.emit (events.js:110:17)
17 verbose stack     at Request.<anonymous> (/usr/local/lib/node_modules/npm/node_modules/request/request.js:1219:14)
17 verbose stack     at Request.emit (events.js:129:20)
17 verbose stack     at IncomingMessage.<anonymous> (/usr/local/lib/node_modules/npm/node_modules/request/request.js:1167:12)
17 verbose stack     at IncomingMessage.emit (events.js:129:20)
17 verbose stack     at _stream_readable.js:908:16
17 verbose stack     at process._tickCallback (node.js:355:11)
18 verbose statusCode 404
19 verbose pkgid picbot-123
20 verbose cwd /Users/albertshih/picbot-123
21 error Darwin 16.7.0
22 error argv "node" "/usr/local/bin/npm" "owner" "ls" "picbot-123"
23 error node v0.12.4
24 error npm  v2.10.1
25 error code E404
26 error 404 Registry returned 404 for GET on https://registry.npmjs.org/picbot-123
26 error 404
26 error 404 'picbot-123' is not in the npm registry.
26 error 404 You should bug the author to publish it (or use the name yourself!)
26 error 404
26 error 404 Note that you can also install from a
26 error 404 tarball, folder, http url, or git url.
27 verbose exit [ 1, true ]
